<?xml version="1.0" encoding="UTF-8"?>
<testng-results skipped="0" failed="0" ignored="0" total="1" passed="1">
  <reporter-output>
  </reporter-output>
  <suite name="InetBankingV1" duration-ms="22331" started-at="2020-10-14T15:22:45Z" finished-at="2020-10-14T15:23:08Z">
    <groups>
    </groups>
    <test name="BankingApp Test" duration-ms="22331" started-at="2020-10-14T15:22:45Z" finished-at="2020-10-14T15:23:08Z">
      <class name="com.inetbanking.testcases.TC_AddCustomerTest_003">
        <test-method status="PASS" signature="setup(java.lang.String)[pri:0, instance:com.inetbanking.testcases.TC_AddCustomerTest_003@6a2bcfcb]" name="setup" is-config="true" duration-ms="7940" started-at="2020-10-14T15:22:45Z" finished-at="2020-10-14T15:22:53Z">
          <params>
            <param index="0">
              <value>
                <![CDATA[chrome]]>
              </value>
            </param>
          </params>
          <reporter-output>
          </reporter-output>
        </test-method> <!-- setup -->
        <test-method status="PASS" signature="addNewCustomer()[pri:0, instance:com.inetbanking.testcases.TC_AddCustomerTest_003@6a2bcfcb]" name="addNewCustomer" duration-ms="13532" started-at="2020-10-14T15:22:53Z" finished-at="2020-10-14T15:23:07Z">
          <reporter-output>
          </reporter-output>
        </test-method> <!-- addNewCustomer -->
        <test-method status="PASS" signature="tearDown()[pri:0, instance:com.inetbanking.testcases.TC_AddCustomerTest_003@6a2bcfcb]" name="tearDown" is-config="true" duration-ms="644" started-at="2020-10-14T15:23:07Z" finished-at="2020-10-14T15:23:08Z">
          <reporter-output>
          </reporter-output>
        </test-method> <!-- tearDown -->
      </class> <!-- com.inetbanking.testcases.TC_AddCustomerTest_003 -->
    </test> <!-- BankingApp Test -->
  </suite> <!-- InetBankingV1 -->
</testng-results>
