<?xml version="1.0" encoding="UTF-8"?>
<testng-results skipped="0" failed="0" total="1" passed="1">
  <reporter-output>
  </reporter-output>
  <suite name="InetBankingV1" duration-ms="21680" started-at="2020-10-13T20:19:45Z" finished-at="2020-10-13T20:20:07Z">
    <groups>
    </groups>
    <test name="BankingApp Test" duration-ms="21680" started-at="2020-10-13T20:19:45Z" finished-at="2020-10-13T20:20:07Z">
      <class name="com.inetbanking.testcases.TC_AddCustomerTest_003">
        <test-method status="PASS" signature="setup(java.lang.String)[pri:0, instance:com.inetbanking.testcases.TC_AddCustomerTest_003@4c203ea1]" name="setup" is-config="true" duration-ms="7266" started-at="2020-10-13T16:19:45Z" finished-at="2020-10-13T16:19:53Z">
          <params>
            <param index="0">
              <value>
                <![CDATA[chrome]]>
              </value>
            </param>
          </params>
          <reporter-output>
          </reporter-output>
        </test-method> <!-- setup -->
        <test-method status="PASS" signature="addNewCustomer()[pri:0, instance:com.inetbanking.testcases.TC_AddCustomerTest_003@4c203ea1]" name="addNewCustomer" duration-ms="13397" started-at="2020-10-13T16:19:53Z" finished-at="2020-10-13T16:20:06Z">
          <reporter-output>
          </reporter-output>
        </test-method> <!-- addNewCustomer -->
        <test-method status="PASS" signature="tearDown()[pri:0, instance:com.inetbanking.testcases.TC_AddCustomerTest_003@4c203ea1]" name="tearDown" is-config="true" duration-ms="758" started-at="2020-10-13T16:20:06Z" finished-at="2020-10-13T16:20:07Z">
          <reporter-output>
          </reporter-output>
        </test-method> <!-- tearDown -->
      </class> <!-- com.inetbanking.testcases.TC_AddCustomerTest_003 -->
    </test> <!-- BankingApp Test -->
  </suite> <!-- InetBankingV1 -->
</testng-results>
